<?xml version="1.0" encoding="UTF-8"?>
<testsuite xmlns:xsi="http://www.w3.org/2001/XMLSchema-instance" xsi:noNamespaceSchemaLocation="https://maven.apache.org/surefire/maven-surefire-plugin/xsd/surefire-test-report.xsd" name="net.falscheridiot.luna.AppTest" time="0.068" tests="2" errors="0" skipped="0" failures="0">
  <properties>
[...]
</properties>
  <testcase name="tempTest" classname="net.falscheridiot.luna.AppTest" time="0.008"/>
  <testcase name="checkSystemFiles" classname="net.falscheridiot.luna.AppTest" time="0.001"/>
</testsuite>